<?xml version="1.0" encoding="UTF-8"?>
<!-- Generated by org.testng.reporters.JUnitReportReporter -->
<testsuite skipped="0" hostname="DN-AAVN-WS-635" name="com.liveguru.user.User_02_Login" tests="6" failures="0" timestamp="14 Jul 2020 10:17:33 GMT" time="26.176" errors="0">
  <testcase name="TC_02_LoginWithInvalidEmail" time="3.118" classname="com.liveguru.user.User_02_Login"/>
  <testcase name="TC_04_LoginWithInvalidPassword" time="3.048" classname="com.liveguru.user.User_02_Login"/>
  <testcase name="TC_06_LoginWithValidEmailAndPassword" time="5.783" classname="com.liveguru.user.User_02_Login"/>
  <testcase name="TC_05_LoginWithIncorrectPassword" time="5.093" classname="com.liveguru.user.User_02_Login"/>
  <testcase name="TC_01_LoginWithEmptyEmailAndPassword" time="3.401" classname="com.liveguru.user.User_02_Login"/>
  <testcase name="TC_03_LoginWithIncorrectEmail" time="5.733" classname="com.liveguru.user.User_02_Login"/>
</testsuite> <!-- com.liveguru.user.User_02_Login -->
