<?xml version="1.0" encoding="UTF-8"?>
<!-- Generated by org.testng.reporters.JUnitReportReporter -->
<testsuite skipped="0" hostname="DN-AAVN-WS-635" name="com.liveguru.user.User_01_Register_to_System" tests="5" failures="0" timestamp="21 Jul 2020 07:58:56 GMT" time="25.020" errors="0">
  <testcase name="Register_01_Empty_Data" time="5.372" classname="com.liveguru.user.User_01_Register_to_System"/>
  <testcase name="Register_02_Invalid_Email" time="4.589" classname="com.liveguru.user.User_01_Register_to_System"/>
  <testcase name="Register_04_Confirm_Password_Not_Matching_Password" time="4.274" classname="com.liveguru.user.User_01_Register_to_System"/>
  <testcase name="Register_05_Valid_Data" time="6.481" classname="com.liveguru.user.User_01_Register_to_System"/>
  <testcase name="Register_03_Password_Less_Than_6_Chars" time="4.304" classname="com.liveguru.user.User_01_Register_to_System"/>
</testsuite> <!-- com.liveguru.user.User_01_Register_to_System -->
